{"name": "View the rates and trends", "status": "broken", "statusDetails": {"message": "selenium.common.exceptions.WebDriverException: Message: disconnected: not connected to DevTools\n  (failed to check if window was closed: disconnected: not connected to DevTools)\n  (Session info: chrome=110.0.5481.180)\nStacktrace:\nBacktrace:\n\t(No symbol) [0x00AE37D3]\n\t(No symbol) [0x00A78B81]\n\t(No symbol) [0x0097B36D]\n\t(No symbol) [0x0096CB66]\n\t(No symbol) [0x0096C889]\n\t(No symbol) [0x0097CB00]\n\t(No symbol) [0x009E0AA0]\n\t(No symbol) [0x009CB216]\n\t(No symbol) [0x009A0D97]\n\t(No symbol) [0x009A253D]\n\tGetHandleVerifier [0x00D5ABF2+2510930]\n\tGetHandleVerifier [0x00D88EC1+2700065]\n\tGetHandleVerifier [0x00D8C86C+2714828]\n\tGetHandleVerifier [0x00B93480+645344]\n\t(No symbol) [0x00A80FD2]\n\t(No symbol) [0x00A86C68]\n\t(No symbol) [0x00A86D4B]\n\t(No symbol) [0x00A90D6B]\n\tBaseThreadInitThunk [0x755E6BD9+25]\n\tRtlGetFullPathName_UEx [0x77498FD2+1218]\n\tRtlGetFullPathName_UEx [0x77498F9D+1165]\n\n", "trace": "  File \"C:\\Users\\SARASU\\PycharmProjects\\pythonProject5\\venv\\lib\\site-packages\\behave\\model.py\", line 1329, in run\n    match.run(runner.context)\n  File \"C:\\Users\\SARASU\\PycharmProjects\\pythonProject5\\venv\\lib\\site-packages\\behave\\matchers.py\", line 98, in run\n    self.func(context, *args, **kwargs)\n  File \"features\\steps\\buy.py\", line 143, in step_impl\n    context.driver.find_element(By.XPATH, \"/html/body/header/section[2]/div/ul/li[1]/a\").click()\n  File \"C:\\Users\\SARASU\\PycharmProjects\\pythonProject5\\venv\\lib\\site-packages\\selenium\\webdriver\\remote\\webdriver.py\", line 830, in find_element\n    return self.execute(Command.FIND_ELEMENT, {\"using\": by, \"value\": value})[\"value\"]\n  File \"C:\\Users\\SARASU\\PycharmProjects\\pythonProject5\\venv\\lib\\site-packages\\selenium\\webdriver\\remote\\webdriver.py\", line 440, in execute\n    self.error_handler.check_response(response)\n  File \"C:\\Users\\SARASU\\PycharmProjects\\pythonProject5\\venv\\lib\\site-packages\\selenium\\webdriver\\remote\\errorhandler.py\", line 245, in check_response\n    raise exception_class(message, screen, stacktrace)\n"}, "steps": [{"name": "Given I open the application URL in th browser", "status": "passed", "start": 1678713102321, "stop": 1678713108467}, {"name": "When I want to click on the rates and trends", "status": "broken", "statusDetails": {"message": "selenium.common.exceptions.WebDriverException: Message: disconnected: not connected to DevTools\n  (failed to check if window was closed: disconnected: not connected to DevTools)\n  (Session info: chrome=110.0.5481.180)\nStacktrace:\nBacktrace:\n\t(No symbol) [0x00AE37D3]\n\t(No symbol) [0x00A78B81]\n\t(No symbol) [0x0097B36D]\n\t(No symbol) [0x0096CB66]\n\t(No symbol) [0x0096C889]\n\t(No symbol) [0x0097CB00]\n\t(No symbol) [0x009E0AA0]\n\t(No symbol) [0x009CB216]\n\t(No symbol) [0x009A0D97]\n\t(No symbol) [0x009A253D]\n\tGetHandleVerifier [0x00D5ABF2+2510930]\n\tGetHandleVerifier [0x00D88EC1+2700065]\n\tGetHandleVerifier [0x00D8C86C+2714828]\n\tGetHandleVerifier [0x00B93480+645344]\n\t(No symbol) [0x00A80FD2]\n\t(No symbol) [0x00A86C68]\n\t(No symbol) [0x00A86D4B]\n\t(No symbol) [0x00A90D6B]\n\tBaseThreadInitThunk [0x755E6BD9+25]\n\tRtlGetFullPathName_UEx [0x77498FD2+1218]\n\tRtlGetFullPathName_UEx [0x77498F9D+1165]\n\n", "trace": "  File \"C:\\Users\\SARASU\\PycharmProjects\\pythonProject5\\venv\\lib\\site-packages\\behave\\model.py\", line 1329, in run\n    match.run(runner.context)\n  File \"C:\\Users\\SARASU\\PycharmProjects\\pythonProject5\\venv\\lib\\site-packages\\behave\\matchers.py\", line 98, in run\n    self.func(context, *args, **kwargs)\n  File \"features\\steps\\buy.py\", line 143, in step_impl\n    context.driver.find_element(By.XPATH, \"/html/body/header/section[2]/div/ul/li[1]/a\").click()\n  File \"C:\\Users\\SARASU\\PycharmProjects\\pythonProject5\\venv\\lib\\site-packages\\selenium\\webdriver\\remote\\webdriver.py\", line 830, in find_element\n    return self.execute(Command.FIND_ELEMENT, {\"using\": by, \"value\": value})[\"value\"]\n  File \"C:\\Users\\SARASU\\PycharmProjects\\pythonProject5\\venv\\lib\\site-packages\\selenium\\webdriver\\remote\\webdriver.py\", line 440, in execute\n    self.error_handler.check_response(response)\n  File \"C:\\Users\\SARASU\\PycharmProjects\\pythonProject5\\venv\\lib\\site-packages\\selenium\\webdriver\\remote\\errorhandler.py\", line 245, in check_response\n    raise exception_class(message, screen, stacktrace)\n"}, "start": 1678713108468, "stop": 1678713112045}, {"name": "Then I can able to see the rates and trends option", "status": "skipped", "start": 1678713112045, "stop": 1678713112045}], "start": 1678713102319, "stop": 1678713112045, "uuid": "24969bdc-9f1c-4882-bb21-8c1db9a642eb", "historyId": "2574487475a32131fe582acaba19dc3c", "fullName": "Buy Functionality: View the rates and trends", "labels": [{"name": "severity", "value": "normal"}, {"name": "feature", "value": "Buy Functionality"}, {"name": "framework", "value": "behave"}, {"name": "language", "value": "cpython3"}]}