{"name": "Compare the properties based on location", "status": "broken", "statusDetails": {"message": "selenium.common.exceptions.ElementNotInteractableException: Message: element not interactable\n  (Session info: chrome=110.0.5481.180)\nStacktrace:\nBacktrace:\n\t(No symbol) [0x00AE37D3]\n\t(No symbol) [0x00A78B81]\n\t(No symbol) [0x0097B230]\n\t(No symbol) [0x009AE337]\n\t(No symbol) [0x009A3253]\n\t(No symbol) [0x009CB41C]\n\t(No symbol) [0x009A2B96]\n\t(No symbol) [0x009CB774]\n\t(No symbol) [0x009E1215]\n\t(No symbol) [0x009CB216]\n\t(No symbol) [0x009A0D97]\n\t(No symbol) [0x009A253D]\n\tGetHandleVerifier [0x00D5ABF2+2510930]\n\tGetHandleVerifier [0x00D88EC1+2700065]\n\tGetHandleVerifier [0x00D8C86C+2714828]\n\tGetHandleVerifier [0x00B93480+645344]\n\t(No symbol) [0x00A80FD2]\n\t(No symbol) [0x00A86C68]\n\t(No symbol) [0x00A86D4B]\n\t(No symbol) [0x00A90D6B]\n\tBaseThreadInitThunk [0x755E6BD9+25]\n\tRtlGetFullPathName_UEx [0x77498FD2+1218]\n\tRtlGetFullPathName_UEx [0x77498F9D+1165]\n\n", "trace": "  File \"C:\\Users\\SARASU\\PycharmProjects\\pythonProject5\\venv\\lib\\site-packages\\behave\\model.py\", line 1329, in run\n    match.run(runner.context)\n  File \"C:\\Users\\SARASU\\PycharmProjects\\pythonProject5\\venv\\lib\\site-packages\\behave\\matchers.py\", line 98, in run\n    self.func(context, *args, **kwargs)\n  File \"features\\steps\\buy.py\", line 92, in step_impl\n    context.driver.find_element(By.XPATH, \"/html/body/header/section[2]/div/ul/li[1]/div/div/div/div/div[5]/ul/li[4]/a\").click()\n  File \"C:\\Users\\SARASU\\PycharmProjects\\pythonProject5\\venv\\lib\\site-packages\\selenium\\webdriver\\remote\\webelement.py\", line 93, in click\n    self._execute(Command.CLICK_ELEMENT)\n  File \"C:\\Users\\SARASU\\PycharmProjects\\pythonProject5\\venv\\lib\\site-packages\\selenium\\webdriver\\remote\\webelement.py\", line 403, in _execute\n    return self._parent.execute(command, params)\n  File \"C:\\Users\\SARASU\\PycharmProjects\\pythonProject5\\venv\\lib\\site-packages\\selenium\\webdriver\\remote\\webdriver.py\", line 440, in execute\n    self.error_handler.check_response(response)\n  File \"C:\\Users\\SARASU\\PycharmProjects\\pythonProject5\\venv\\lib\\site-packages\\selenium\\webdriver\\remote\\errorhandler.py\", line 245, in check_response\n    raise exception_class(message, screen, stacktrace)\n"}, "steps": [{"name": "Given I open the application URL in th browser", "status": "passed", "start": 1678713067613, "stop": 1678713077792}, {"name": "And I navigate to the Tips and guides Tab", "status": "broken", "statusDetails": {"message": "selenium.common.exceptions.ElementNotInteractableException: Message: element not interactable\n  (Session info: chrome=110.0.5481.180)\nStacktrace:\nBacktrace:\n\t(No symbol) [0x00AE37D3]\n\t(No symbol) [0x00A78B81]\n\t(No symbol) [0x0097B230]\n\t(No symbol) [0x009AE337]\n\t(No symbol) [0x009A3253]\n\t(No symbol) [0x009CB41C]\n\t(No symbol) [0x009A2B96]\n\t(No symbol) [0x009CB774]\n\t(No symbol) [0x009E1215]\n\t(No symbol) [0x009CB216]\n\t(No symbol) [0x009A0D97]\n\t(No symbol) [0x009A253D]\n\tGetHandleVerifier [0x00D5ABF2+2510930]\n\tGetHandleVerifier [0x00D88EC1+2700065]\n\tGetHandleVerifier [0x00D8C86C+2714828]\n\tGetHandleVerifier [0x00B93480+645344]\n\t(No symbol) [0x00A80FD2]\n\t(No symbol) [0x00A86C68]\n\t(No symbol) [0x00A86D4B]\n\t(No symbol) [0x00A90D6B]\n\tBaseThreadInitThunk [0x755E6BD9+25]\n\tRtlGetFullPathName_UEx [0x77498FD2+1218]\n\tRtlGetFullPathName_UEx [0x77498F9D+1165]\n\n", "trace": "  File \"C:\\Users\\SARASU\\PycharmProjects\\pythonProject5\\venv\\lib\\site-packages\\behave\\model.py\", line 1329, in run\n    match.run(runner.context)\n  File \"C:\\Users\\SARASU\\PycharmProjects\\pythonProject5\\venv\\lib\\site-packages\\behave\\matchers.py\", line 98, in run\n    self.func(context, *args, **kwargs)\n  File \"features\\steps\\buy.py\", line 92, in step_impl\n    context.driver.find_element(By.XPATH, \"/html/body/header/section[2]/div/ul/li[1]/div/div/div/div/div[5]/ul/li[4]/a\").click()\n  File \"C:\\Users\\SARASU\\PycharmProjects\\pythonProject5\\venv\\lib\\site-packages\\selenium\\webdriver\\remote\\webelement.py\", line 93, in click\n    self._execute(Command.CLICK_ELEMENT)\n  File \"C:\\Users\\SARASU\\PycharmProjects\\pythonProject5\\venv\\lib\\site-packages\\selenium\\webdriver\\remote\\webelement.py\", line 403, in _execute\n    return self._parent.execute(command, params)\n  File \"C:\\Users\\SARASU\\PycharmProjects\\pythonProject5\\venv\\lib\\site-packages\\selenium\\webdriver\\remote\\webdriver.py\", line 440, in execute\n    self.error_handler.check_response(response)\n  File \"C:\\Users\\SARASU\\PycharmProjects\\pythonProject5\\venv\\lib\\site-packages\\selenium\\webdriver\\remote\\errorhandler.py\", line 245, in check_response\n    raise exception_class(message, screen, stacktrace)\n"}, "start": 1678713077794, "stop": 1678713079924}, {"name": "When I want to select Two locations based on my interest", "status": "skipped", "start": 1678713079924, "stop": 1678713079924}, {"name": "And I navigate to the compare tab", "status": "skipped", "start": 1678713079924, "stop": 1678713079924}, {"name": "Then I can able to Compare the two properties based on locations", "status": "skipped", "start": 1678713079924, "stop": 1678713079924}], "start": 1678713067612, "stop": 1678713079924, "uuid": "f3ae519b-c690-46fa-9734-a8b2d888183f", "historyId": "1f86510c8c487a5e205077c77a2f8541", "fullName": "Buy Functionality: Compare the properties based on location", "labels": [{"name": "severity", "value": "normal"}, {"name": "feature", "value": "Buy Functionality"}, {"name": "framework", "value": "behave"}, {"name": "language", "value": "cpython3"}]}